<?xml version="1.0" encoding="UTF-8"?>
<!-- Generated by org.testng.reporters.JUnitReportReporter -->
<testsuite hostname="Naveen-Pal" failures="0" tests="3" name="com.tutorialsninja.qa.testcases.LogoutTest" time="16.415" errors="0" timestamp="2024-02-18T15:26:22 IST" skipped="0">
  <testcase classname="com.tutorialsninja.qa.testcases.LogoutTest" name="VerifyLoggingoutbyselectingLogoutoptionfromMyAccountdropmenu" time="5.782"/>
  <system-out/>
  <testcase classname="com.tutorialsninja.qa.testcases.LogoutTest" name="VerifyLoggingoutbyselectingLogoutoptionfromMyAccountdropmenu" time="4.711"/>
  <system-out/>
  <testcase classname="com.tutorialsninja.qa.testcases.LogoutTest" name="VerifyLoggingoutbyselectingLogoutoptionfromMyAccountdropmenu" time="5.922"/>
  <system-out/>
</testsuite> <!-- com.tutorialsninja.qa.testcases.LogoutTest -->
